<?xml version="1.0" encoding="UTF-8"?>
<testsuite xmlns:xsi="http://www.w3.org/2001/XMLSchema-instance" xsi:noNamespaceSchemaLocation="https://maven.apache.org/surefire/maven-surefire-plugin/xsd/surefire-test-report.xsd" name="it.uniroma2.dicii.isw2.jcs.paramTests.EventQueueConcurrentLoadTest" time="11.02" tests="8" errors="1" skipped="0" failures="0">
  <properties>
[...]
</properties>
  <testcase name="compactedSuiteSwitcherTest[0]" classname="it.uniroma2.dicii.isw2.jcs.paramTests.EventQueueConcurrentLoadTest" time="0.292"/>
  <testcase name="compactedSuiteSwitcherTest[1]" classname="it.uniroma2.dicii.isw2.jcs.paramTests.EventQueueConcurrentLoadTest" time="0.293"/>
  <testcase name="compactedSuiteSwitcherTest[2]" classname="it.uniroma2.dicii.isw2.jcs.paramTests.EventQueueConcurrentLoadTest" time="0.039"/>
  <testcase name="compactedSuiteSwitcherTest[3]" classname="it.uniroma2.dicii.isw2.jcs.paramTests.EventQueueConcurrentLoadTest" time="0.012"/>
  <testcase name="compactedSuiteSwitcherTest[4]" classname="it.uniroma2.dicii.isw2.jcs.paramTests.EventQueueConcurrentLoadTest" time="0.304"/>
  <testcase name="compactedSuiteSwitcherTest[5]" classname="it.uniroma2.dicii.isw2.jcs.paramTests.EventQueueConcurrentLoadTest" time="0.02"/>
  <testcase name="compactedSuiteSwitcherTest[6]" classname="it.uniroma2.dicii.isw2.jcs.paramTests.EventQueueConcurrentLoadTest" time="0.007"/>
  <testcase name="compactedSuiteSwitcherTest[7]" classname="it.uniroma2.dicii.isw2.jcs.paramTests.EventQueueConcurrentLoadTest" time="10.022">
    <error message="test timed out after 10000 milliseconds" type="org.junit.runners.model.TestTimedOutException">org.junit.runners.model.TestTimedOutException: test timed out after 10000 milliseconds
	at it.uniroma2.dicii.isw2.jcs.paramTests.EventQueueConcurrentLoadTest.runPutDelayTest(EventQueueConcurrentLoadTest.java:240)
	at it.uniroma2.dicii.isw2.jcs.paramTests.EventQueueConcurrentLoadTest.compactedSuiteSwitcherTest(EventQueueConcurrentLoadTest.java:165)
</error>
    <system-out><![CDATA[Starting test: testRunPutDelayTest1
queue is busy, waiting 250 millis to begin
queue is busy, waiting 250 millis to begin
queue is busy, waiting 250 millis to begin
queue is busy, waiting 250 millis to begin
queue is busy, waiting 250 millis to begin
queue is busy, waiting 250 millis to begin
queue is busy, waiting 250 millis to begin
queue is busy, waiting 250 millis to begin
queue is busy, waiting 250 millis to begin
queue is busy, waiting 250 millis to begin
queue is busy, waiting 250 millis to begin
queue is busy, waiting 250 millis to begin
queue is busy, waiting 250 millis to begin
queue is busy, waiting 250 millis to begin
queue is busy, waiting 250 millis to begin
queue is busy, waiting 250 millis to begin
queue is busy, waiting 250 millis to begin
queue is busy, waiting 250 millis to begin
queue is busy, waiting 250 millis to begin
queue is busy, waiting 250 millis to begin
queue is busy, waiting 250 millis to begin
queue is busy, waiting 250 millis to begin
queue is busy, waiting 250 millis to begin
queue is busy, waiting 250 millis to begin
queue is busy, waiting 250 millis to begin
queue is busy, waiting 250 millis to begin
queue is busy, waiting 250 millis to begin
queue is busy, waiting 250 millis to begin
queue is busy, waiting 250 millis to begin
queue is busy, waiting 250 millis to begin
queue is busy, waiting 250 millis to begin
queue is busy, waiting 250 millis to begin
queue is busy, waiting 250 millis to begin
queue is busy, waiting 250 millis to begin
queue is busy, waiting 250 millis to begin
queue is busy, waiting 250 millis to begin
queue is busy, waiting 250 millis to begin
queue is busy, waiting 250 millis to begin
queue is busy, waiting 250 millis to begin
queue is busy, waiting 250 millis to begin
]]></system-out>
  </testcase>
</testsuite>